<?xml version="1.0" encoding="UTF-8"?>
<!-- Generated by org.testng.reporters.JUnitXMLReporter -->
<testsuite hostname="patapl-GJ69L72" name="test" tests="3" failures="0" timestamp="21 Dec 2016 16:41:00 GMT" time="50.848" errors="0">
  <testcase name="clickLoginOnHomePage" time="0.832" classname="Test.TestGuru99CreateAccount"/>
  <testcase name="clickCreateAccount" time="15.732" classname="Test.TestGuru99CreateAccount"/>
  <testcase name="clickRegister" time="29.173" classname="Test.TestGuru99CreateAccount"/>
</testsuite>
